<?xml version="1.0" encoding="UTF-8"?>
<testng-results skipped="0" failed="0" ignored="0" total="1" passed="1">
  <reporter-output>
  </reporter-output>
  <suite name="Default suite" duration-ms="14092" started-at="2020-03-08T05:33:55Z" finished-at="2020-03-08T05:34:09Z">
    <groups>
    </groups>
    <test name="Default test" duration-ms="14092" started-at="2020-03-08T05:33:55Z" finished-at="2020-03-08T05:34:09Z">
      <class name="samplePackage.FirstMavenClass">
        <test-method status="PASS" signature="test1()[pri:0, instance:samplePackage.FirstMavenClass@482f8f11]" name="test1" duration-ms="14054" started-at="2020-03-08T11:03:55Z" finished-at="2020-03-08T11:04:09Z">
          <reporter-output>
          </reporter-output>
        </test-method> <!-- test1 -->
      </class> <!-- samplePackage.FirstMavenClass -->
    </test> <!-- Default test -->
  </suite> <!-- Default suite -->
</testng-results>
